<?xml version="1.0" encoding="UTF-8"?>
<testsuite name="Academy Choucair" tests="1" skipped="0" failures="0" errors="0" timestamp="2021-07-17T04:35:08" hostname="DESKTOP-H2UPMQ6" time="60.366">
  <properties/>
  <testcase name="Search for a automation course" classname="Academy Choucair" time="60.366"/>
  <system-out><![CDATA[]]></system-out>
  <system-err><![CDATA[[Test worker] WARN net.thucydides.core.steps.BaseStepListener - stepStarted: net.thucydides.core.steps.ExecutedStepDescription@624133f8
[Test worker] WARN net.thucydides.core.steps.BaseStepListener - stepStarted: net.thucydides.core.steps.ExecutedStepDescription@70148abc
[Test worker] WARN net.thucydides.core.steps.BaseStepListener - stepStarted: net.thucydides.core.steps.ExecutedStepDescription@5a10885a
jul 16, 2021 11:35:11 PM org.openqa.selenium.remote.DesiredCapabilities chrome
INFORMACIÓN: Using `new ChromeOptions()` is preferred to `DesiredCapabilities.chrome()`
[Test worker] INFO net.serenitybdd.core.webdriver.driverproviders.ProvideNewDriver - Instantiating driver
[Test worker] INFO net.serenitybdd.core.webdriver.driverproviders.ProvideNewDriver - Driver capabilities: Capabilities {acceptInsecureCerts: false, browserName: chrome, chrome.switches: --start-maximized, goog:chromeOptions: {args: [--start-maximized], extensions: []}, loggingPrefs: org.openqa.selenium.logging..., platform: ANY, version: }
Starting ChromeDriver 91.0.4472.101 (af52a90bf87030dd1523486a1cd3ae25c5d76c9b-refs/branch-heads/4472@{#1462}) on port 28843
Only local connections are allowed.
Please see https://chromedriver.chromium.org/security-considerations for suggestions on keeping ChromeDriver safe.
ChromeDriver was started successfully.
jul 16, 2021 11:35:20 PM org.openqa.selenium.remote.ProtocolHandshake createSession
INFORMACIÓN: Detected dialect: W3C
[Test worker] WARN net.thucydides.core.steps.BaseStepListener - stepFinished: current outcome:Search for a automation course:Given than brandom wants to learn automation at the academy Choucair [Brandom open up [brandom opens the Choucair academy page]]
[Test worker] WARN net.thucydides.core.steps.BaseStepListener - stepFinished: current outcome:Search for a automation course:Given than brandom wants to learn automation at the academy Choucair [Brandom open up [brandom opens the Choucair academy page]]
[Test worker] WARN net.thucydides.core.steps.BaseStepListener - stepStarted: net.thucydides.core.steps.ExecutedStepDescription@284f3cf8
[Test worker] WARN net.thucydides.core.steps.BaseStepListener - stepStarted: net.thucydides.core.steps.ExecutedStepDescription@14027999
[Test worker] WARN net.thucydides.core.steps.BaseStepListener - stepFinished: current outcome:Search for a automation course:Given than brandom wants to learn automation at the academy Choucair [Brandom open up [brandom opens the Choucair academy page], Brandom login [brandom clicks on button that shows us the form to login]]
[Test worker] WARN net.thucydides.core.steps.BaseStepListener - stepStarted: net.thucydides.core.steps.ExecutedStepDescription@5c659f9
[Test worker] WARN net.thucydides.core.steps.BaseStepListener - stepFinished: current outcome:Search for a automation course:Given than brandom wants to learn automation at the academy Choucair [Brandom open up [brandom opens the Choucair academy page], Brandom login [brandom clicks on button that shows us the form to login, brandom enters '1037948744' into Input Username]]
[Test worker] WARN net.thucydides.core.steps.BaseStepListener - stepStarted: net.thucydides.core.steps.ExecutedStepDescription@355720aa
[Test worker] WARN net.thucydides.core.steps.BaseStepListener - stepFinished: current outcome:Search for a automation course:Given than brandom wants to learn automation at the academy Choucair [Brandom open up [brandom opens the Choucair academy page], Brandom login [brandom clicks on button that shows us the form to login, brandom enters '1037948744' into Input Username, brandom enters 'Choucair2021*' into Input Password]]
[Test worker] WARN net.thucydides.core.steps.BaseStepListener - stepStarted: net.thucydides.core.steps.ExecutedStepDescription@6b1cf99d
[Test worker] WARN net.thucydides.core.steps.BaseStepListener - stepFinished: current outcome:Search for a automation course:Given than brandom wants to learn automation at the academy Choucair [Brandom open up [brandom opens the Choucair academy page], Brandom login [brandom clicks on button that shows us the form to login, brandom enters '1037948744' into Input Username, brandom enters 'Choucair2021*' into Input Password, brandom clicks on button that shows us the form to login]]
[Test worker] WARN net.thucydides.core.steps.BaseStepListener - stepFinished: current outcome:Search for a automation course:Given than brandom wants to learn automation at the academy Choucair [Brandom open up [brandom opens the Choucair academy page], Brandom login [brandom clicks on button that shows us the form to login, brandom enters '1037948744' into Input Username, brandom enters 'Choucair2021*' into Input Password, brandom clicks on button that shows us the form to login]]
[Test worker] WARN net.thucydides.core.steps.BaseStepListener - stepFinished: current outcome:Search for a automation course:Given than brandom wants to learn automation at the academy Choucair [Brandom open up [brandom opens the Choucair academy page], Brandom login [brandom clicks on button that shows us the form to login, brandom enters '1037948744' into Input Username, brandom enters 'Choucair2021*' into Input Password, brandom clicks on button that shows us the form to login]]
[Test worker] WARN net.thucydides.core.steps.BaseStepListener - stepStarted: net.thucydides.core.steps.ExecutedStepDescription@1d657eb2
[Test worker] WARN net.thucydides.core.steps.BaseStepListener - stepStarted: net.thucydides.core.steps.ExecutedStepDescription@6dbef43f
[Test worker] WARN net.thucydides.core.steps.BaseStepListener - stepStarted: net.thucydides.core.steps.ExecutedStepDescription@1c66b5d7
[Test worker] WARN net.thucydides.core.steps.BaseStepListener - stepFinished: current outcome:Search for a automation course:Given than brandom wants to learn automation at the academy Choucair [Brandom open up [brandom opens the Choucair academy page], Brandom login [brandom clicks on button that shows us the form to login, brandom enters '1037948744' into Input Username, brandom enters 'Choucair2021*' into Input Password, brandom clicks on button that shows us the form to login]], When he search for the course ISTQB Agile Tester Extension on the choucair academy platform [Brandom search [brandom clicks on Selecciona la universidad choucair]]
[Test worker] WARN net.thucydides.core.steps.BaseStepListener - stepStarted: net.thucydides.core.steps.ExecutedStepDescription@12ccd920
[Test worker] WARN net.thucydides.core.steps.BaseStepListener - stepFinished: current outcome:Search for a automation course:Given than brandom wants to learn automation at the academy Choucair [Brandom open up [brandom opens the Choucair academy page], Brandom login [brandom clicks on button that shows us the form to login, brandom enters '1037948744' into Input Username, brandom enters 'Choucair2021*' into Input Password, brandom clicks on button that shows us the form to login]], When he search for the course ISTQB Agile Tester Extension on the choucair academy platform [Brandom search [brandom clicks on Selecciona la universidad choucair, brandom enters 'ISTQB Agile Tester Extension' into Selecciona la universidad choucair]]
[Test worker] WARN net.thucydides.core.steps.BaseStepListener - stepStarted: net.thucydides.core.steps.ExecutedStepDescription@636eec
[Test worker] WARN net.thucydides.core.steps.BaseStepListener - stepFinished: current outcome:Search for a automation course:Given than brandom wants to learn automation at the academy Choucair [Brandom open up [brandom opens the Choucair academy page], Brandom login [brandom clicks on button that shows us the form to login, brandom enters '1037948744' into Input Username, brandom enters 'Choucair2021*' into Input Password, brandom clicks on button that shows us the form to login]], When he search for the course ISTQB Agile Tester Extension on the choucair academy platform [Brandom search [brandom clicks on Selecciona la universidad choucair, brandom enters 'ISTQB Agile Tester Extension' into Selecciona la universidad choucair, brandom clicks on Selecciona la universidad choucair]]
[Test worker] WARN net.thucydides.core.steps.BaseStepListener - stepStarted: net.thucydides.core.steps.ExecutedStepDescription@41a4b000
[Test worker] WARN net.thucydides.core.steps.BaseStepListener - stepFinished: current outcome:Search for a automation course:Given than brandom wants to learn automation at the academy Choucair [Brandom open up [brandom opens the Choucair academy page], Brandom login [brandom clicks on button that shows us the form to login, brandom enters '1037948744' into Input Username, brandom enters 'Choucair2021*' into Input Password, brandom clicks on button that shows us the form to login]], When he search for the course ISTQB Agile Tester Extension on the choucair academy platform [Brandom search [brandom clicks on Selecciona la universidad choucair, brandom enters 'ISTQB Agile Tester Extension' into Selecciona la universidad choucair, brandom clicks on Selecciona la universidad choucair, brandom clicks on Da click para buscar el curso]]
[Test worker] WARN net.thucydides.core.steps.BaseStepListener - stepFinished: current outcome:Search for a automation course:Given than brandom wants to learn automation at the academy Choucair [Brandom open up [brandom opens the Choucair academy page], Brandom login [brandom clicks on button that shows us the form to login, brandom enters '1037948744' into Input Username, brandom enters 'Choucair2021*' into Input Password, brandom clicks on button that shows us the form to login]], When he search for the course ISTQB Agile Tester Extension on the choucair academy platform [Brandom search [brandom clicks on Selecciona la universidad choucair, brandom enters 'ISTQB Agile Tester Extension' into Selecciona la universidad choucair, brandom clicks on Selecciona la universidad choucair, brandom clicks on Da click para buscar el curso]]
[Test worker] WARN net.thucydides.core.steps.BaseStepListener - stepFinished: current outcome:Search for a automation course:Given than brandom wants to learn automation at the academy Choucair [Brandom open up [brandom opens the Choucair academy page], Brandom login [brandom clicks on button that shows us the form to login, brandom enters '1037948744' into Input Username, brandom enters 'Choucair2021*' into Input Password, brandom clicks on button that shows us the form to login]], When he search for the course ISTQB Agile Tester Extension on the choucair academy platform [Brandom search [brandom clicks on Selecciona la universidad choucair, brandom enters 'ISTQB Agile Tester Extension' into Selecciona la universidad choucair, brandom clicks on Selecciona la universidad choucair, brandom clicks on Da click para buscar el curso]]
[Test worker] WARN net.thucydides.core.steps.BaseStepListener - stepStarted: net.thucydides.core.steps.ExecutedStepDescription@137b3f5f
[Test worker] WARN net.thucydides.core.steps.BaseStepListener - stepStarted: net.thucydides.core.steps.ExecutedStepDescription@b7ab7ab
[Test worker] WARN net.thucydides.core.steps.BaseStepListener - stepFinished: current outcome:Search for a automation course:Given than brandom wants to learn automation at the academy Choucair [Brandom open up [brandom opens the Choucair academy page], Brandom login [brandom clicks on button that shows us the form to login, brandom enters '1037948744' into Input Username, brandom enters 'Choucair2021*' into Input Password, brandom clicks on button that shows us the form to login]], When he search for the course ISTQB Agile Tester Extension on the choucair academy platform [Brandom search [brandom clicks on Selecciona la universidad choucair, brandom enters 'ISTQB Agile Tester Extension' into Selecciona la universidad choucair, brandom clicks on Selecciona la universidad choucair, brandom clicks on Da click para buscar el curso]], Then he finds the course called resources ISTQB Agile Tester Extension [Then answer]
[Test worker] WARN net.thucydides.core.steps.BaseStepListener - stepFinished: current outcome:Search for a automation course:Given than brandom wants to learn automation at the academy Choucair [Brandom open up [brandom opens the Choucair academy page], Brandom login [brandom clicks on button that shows us the form to login, brandom enters '1037948744' into Input Username, brandom enters 'Choucair2021*' into Input Password, brandom clicks on button that shows us the form to login]], When he search for the course ISTQB Agile Tester Extension on the choucair academy platform [Brandom search [brandom clicks on Selecciona la universidad choucair, brandom enters 'ISTQB Agile Tester Extension' into Selecciona la universidad choucair, brandom clicks on Selecciona la universidad choucair, brandom clicks on Da click para buscar el curso]], Then he finds the course called resources ISTQB Agile Tester Extension [Then answer]
[Test worker] WARN net.thucydides.core.steps.BaseStepListener - testFinished: Search for a automation course:Given than brandom wants to learn automation at the academy Choucair [Brandom open up [brandom opens the Choucair academy page], Brandom login [brandom clicks on button that shows us the form to login, brandom enters '1037948744' into Input Username, brandom enters 'Choucair2021*' into Input Password, brandom clicks on button that shows us the form to login]], When he search for the course ISTQB Agile Tester Extension on the choucair academy platform [Brandom search [brandom clicks on Selecciona la universidad choucair, brandom enters 'ISTQB Agile Tester Extension' into Selecciona la universidad choucair, brandom clicks on Selecciona la universidad choucair, brandom clicks on Da click para buscar el curso]], Then he finds the course called resources ISTQB Agile Tester Extension [Then answer]
[Test worker] WARN net.thucydides.core.steps.BaseStepListener - TestOutcomes: [Search for a automation course:Given than brandom wants to learn automation at the academy Choucair [Brandom open up [brandom opens the Choucair academy page], Brandom login [brandom clicks on button that shows us the form to login, brandom enters '1037948744' into Input Username, brandom enters 'Choucair2021*' into Input Password, brandom clicks on button that shows us the form to login]], When he search for the course ISTQB Agile Tester Extension on the choucair academy platform [Brandom search [brandom clicks on Selecciona la universidad choucair, brandom enters 'ISTQB Agile Tester Extension' into Selecciona la universidad choucair, brandom clicks on Selecciona la universidad choucair, brandom clicks on Da click para buscar el curso]], Then he finds the course called resources ISTQB Agile Tester Extension [Then answer]]
[Test worker] WARN net.thucydides.core.steps.BaseStepListener - Final testOutcomes: [Search for a automation course:Given than brandom wants to learn automation at the academy Choucair [Brandom open up [brandom opens the Choucair academy page], Brandom login [brandom clicks on button that shows us the form to login, brandom enters '1037948744' into Input Username, brandom enters 'Choucair2021*' into Input Password, brandom clicks on button that shows us the form to login]], When he search for the course ISTQB Agile Tester Extension on the choucair academy platform [Brandom search [brandom clicks on Selecciona la universidad choucair, brandom enters 'ISTQB Agile Tester Extension' into Selecciona la universidad choucair, brandom clicks on Selecciona la universidad choucair, brandom clicks on Da click para buscar el curso]], Then he finds the course called resources ISTQB Agile Tester Extension [Then answer]]
[Test worker] INFO net.thucydides.core.steps.ConsoleLoggingListener - 
        __    _____ _____ ____ _____   ____   _    ____  ____  _____ ____  
  _     \ \  |_   _| ____/ ___|_   _| |  _ \ / \  / ___|/ ___|| ____|  _ \ 
 (_)_____| |   | | |  _| \___ \ | |   | |_) / _ \ \___ \\___ \|  _| | | | |
  _|_____| |   | | | |___ ___) || |   |  __/ ___ \ ___) |___) | |___| |_| |
 (_)     | |   |_| |_____|____/ |_|   |_| /_/   \_\____/|____/|_____|____/ 
        /_/                                                                

TEST PASSED: Search for a automation course
----------------------------------------------------------------------------
]]></system-err>
</testsuite>
